{"/Users/TinaLe/Documents/gallery/client/src/components/App.jsx": {"path":"/Users/TinaLe/Documents/gallery/client/src/components/App.jsx","statementMap":{"0":{"start":{"line":9,"column":0},"end":{"line":9,"column":64}},"1":{"start":{"line":9,"column":37},"end":{"line":9,"column":64}},"2":{"start":{"line":13,"column":8},"end":{"line":13,"column":21}},"3":{"start":{"line":14,"column":8},"end":{"line":22,"column":9}},"4":{"start":{"line":24,"column":8},"end":{"line":24,"column":61}},"5":{"start":{"line":25,"column":8},"end":{"line":25,"column":49}},"6":{"start":{"line":26,"column":8},"end":{"line":26,"column":51}},"7":{"start":{"line":28,"column":8},"end":{"line":28,"column":53}},"8":{"start":{"line":29,"column":8},"end":{"line":29,"column":43}},"9":{"start":{"line":30,"column":8},"end":{"line":30,"column":49}},"10":{"start":{"line":31,"column":8},"end":{"line":31,"column":67}},"11":{"start":{"line":32,"column":8},"end":{"line":32,"column":55}},"12":{"start":{"line":33,"column":8},"end":{"line":33,"column":53}},"13":{"start":{"line":34,"column":8},"end":{"line":34,"column":51}},"14":{"start":{"line":35,"column":8},"end":{"line":35,"column":57}},"15":{"start":{"line":36,"column":8},"end":{"line":36,"column":53}},"16":{"start":{"line":37,"column":8},"end":{"line":37,"column":51}},"17":{"start":{"line":41,"column":8},"end":{"line":41,"column":30}},"18":{"start":{"line":42,"column":8},"end":{"line":42,"column":33}},"19":{"start":{"line":46,"column":8},"end":{"line":56,"column":17}},"20":{"start":{"line":47,"column":12},"end":{"line":55,"column":13}},"21":{"start":{"line":48,"column":24},"end":{"line":48,"column":44}},"22":{"start":{"line":49,"column":16},"end":{"line":54,"column":17}},"23":{"start":{"line":50,"column":20},"end":{"line":53,"column":23}},"24":{"start":{"line":79,"column":8},"end":{"line":79,"column":27}},"25":{"start":{"line":80,"column":16},"end":{"line":80,"column":36}},"26":{"start":{"line":81,"column":8},"end":{"line":86,"column":13}},"27":{"start":{"line":82,"column":12},"end":{"line":85,"column":19}},"28":{"start":{"line":106,"column":8},"end":{"line":106,"column":27}},"29":{"start":{"line":107,"column":20},"end":{"line":107,"column":40}},"30":{"start":{"line":108,"column":8},"end":{"line":114,"column":9}},"31":{"start":{"line":109,"column":20},"end":{"line":109,"column":40}},"32":{"start":{"line":110,"column":12},"end":{"line":113,"column":15}},"33":{"start":{"line":118,"column":8},"end":{"line":118,"column":46}},"34":{"start":{"line":122,"column":8},"end":{"line":124,"column":39}},"35":{"start":{"line":123,"column":26},"end":{"line":123,"column":45}},"36":{"start":{"line":124,"column":22},"end":{"line":124,"column":38}},"37":{"start":{"line":128,"column":21},"end":{"line":128,"column":23}},"38":{"start":{"line":129,"column":8},"end":{"line":131,"column":9}},"39":{"start":{"line":129,"column":20},"end":{"line":129,"column":21}},"40":{"start":{"line":130,"column":12},"end":{"line":130,"column":57}},"41":{"start":{"line":132,"column":8},"end":{"line":134,"column":28}},"42":{"start":{"line":138,"column":8},"end":{"line":140,"column":9}},"43":{"start":{"line":139,"column":12},"end":{"line":139,"column":31}},"44":{"start":{"line":141,"column":8},"end":{"line":143,"column":27}},"45":{"start":{"line":147,"column":8},"end":{"line":147,"column":44}},"46":{"start":{"line":151,"column":8},"end":{"line":151,"column":37}},"47":{"start":{"line":155,"column":8},"end":{"line":155,"column":38}},"48":{"start":{"line":159,"column":8},"end":{"line":159,"column":37}},"49":{"start":{"line":163,"column":8},"end":{"line":163,"column":38}},"50":{"start":{"line":167,"column":8},"end":{"line":171,"column":9}},"51":{"start":{"line":168,"column":26},"end":{"line":168,"column":50}},"52":{"start":{"line":169,"column":28},"end":{"line":169,"column":84}},"53":{"start":{"line":169,"column":62},"end":{"line":169,"column":83}},"54":{"start":{"line":170,"column":12},"end":{"line":170,"column":49}},"55":{"start":{"line":175,"column":8},"end":{"line":179,"column":9}},"56":{"start":{"line":176,"column":26},"end":{"line":176,"column":50}},"57":{"start":{"line":177,"column":28},"end":{"line":177,"column":84}},"58":{"start":{"line":177,"column":62},"end":{"line":177,"column":83}},"59":{"start":{"line":178,"column":12},"end":{"line":178,"column":49}},"60":{"start":{"line":183,"column":8},"end":{"line":247,"column":9}},"61":{"start":{"line":185,"column":84},"end":{"line":185,"column":101}},"62":{"start":{"line":209,"column":95},"end":{"line":209,"column":111}},"63":{"start":{"line":212,"column":96},"end":{"line":212,"column":113}}},"fnMap":{"0":{"name":"(anonymous_0)","decl":{"start":{"line":12,"column":4},"end":{"line":12,"column":5}},"loc":{"start":{"line":12,"column":22},"end":{"line":38,"column":5}},"line":12},"1":{"name":"(anonymous_1)","decl":{"start":{"line":40,"column":4},"end":{"line":40,"column":5}},"loc":{"start":{"line":40,"column":24},"end":{"line":43,"column":5}},"line":40},"2":{"name":"(anonymous_2)","decl":{"start":{"line":45,"column":4},"end":{"line":45,"column":5}},"loc":{"start":{"line":45,"column":24},"end":{"line":57,"column":5}},"line":45},"3":{"name":"(anonymous_3)","decl":{"start":{"line":46,"column":20},"end":{"line":46,"column":21}},"loc":{"start":{"line":46,"column":26},"end":{"line":56,"column":9}},"line":46},"4":{"name":"(anonymous_4)","decl":{"start":{"line":78,"column":4},"end":{"line":78,"column":5}},"loc":{"start":{"line":78,"column":19},"end":{"line":87,"column":9}},"line":78},"5":{"name":"(anonymous_5)","decl":{"start":{"line":105,"column":4},"end":{"line":105,"column":5}},"loc":{"start":{"line":105,"column":18},"end":{"line":115,"column":5}},"line":105},"6":{"name":"(anonymous_6)","decl":{"start":{"line":117,"column":4},"end":{"line":117,"column":5}},"loc":{"start":{"line":117,"column":27},"end":{"line":119,"column":7}},"line":117},"7":{"name":"(anonymous_7)","decl":{"start":{"line":121,"column":4},"end":{"line":121,"column":5}},"loc":{"start":{"line":121,"column":21},"end":{"line":125,"column":5}},"line":121},"8":{"name":"(anonymous_8)","decl":{"start":{"line":123,"column":14},"end":{"line":123,"column":15}},"loc":{"start":{"line":123,"column":26},"end":{"line":123,"column":45}},"line":123},"9":{"name":"(anonymous_9)","decl":{"start":{"line":124,"column":15},"end":{"line":124,"column":16}},"loc":{"start":{"line":124,"column":22},"end":{"line":124,"column":38}},"line":124},"10":{"name":"(anonymous_10)","decl":{"start":{"line":127,"column":4},"end":{"line":127,"column":5}},"loc":{"start":{"line":127,"column":18},"end":{"line":135,"column":5}},"line":127},"11":{"name":"(anonymous_11)","decl":{"start":{"line":137,"column":4},"end":{"line":137,"column":5}},"loc":{"start":{"line":137,"column":24},"end":{"line":144,"column":5}},"line":137},"12":{"name":"(anonymous_12)","decl":{"start":{"line":146,"column":4},"end":{"line":146,"column":5}},"loc":{"start":{"line":146,"column":17},"end":{"line":148,"column":5}},"line":146},"13":{"name":"(anonymous_13)","decl":{"start":{"line":150,"column":4},"end":{"line":150,"column":5}},"loc":{"start":{"line":150,"column":12},"end":{"line":152,"column":5}},"line":150},"14":{"name":"(anonymous_14)","decl":{"start":{"line":154,"column":4},"end":{"line":154,"column":5}},"loc":{"start":{"line":154,"column":15},"end":{"line":156,"column":5}},"line":154},"15":{"name":"(anonymous_15)","decl":{"start":{"line":158,"column":4},"end":{"line":158,"column":5}},"loc":{"start":{"line":158,"column":16},"end":{"line":160,"column":5}},"line":158},"16":{"name":"(anonymous_16)","decl":{"start":{"line":162,"column":4},"end":{"line":162,"column":5}},"loc":{"start":{"line":162,"column":19},"end":{"line":164,"column":5}},"line":162},"17":{"name":"(anonymous_17)","decl":{"start":{"line":166,"column":4},"end":{"line":166,"column":5}},"loc":{"start":{"line":166,"column":17},"end":{"line":172,"column":5}},"line":166},"18":{"name":"(anonymous_18)","decl":{"start":{"line":169,"column":53},"end":{"line":169,"column":54}},"loc":{"start":{"line":169,"column":62},"end":{"line":169,"column":83}},"line":169},"19":{"name":"(anonymous_19)","decl":{"start":{"line":174,"column":4},"end":{"line":174,"column":5}},"loc":{"start":{"line":174,"column":16},"end":{"line":180,"column":5}},"line":174},"20":{"name":"(anonymous_20)","decl":{"start":{"line":177,"column":53},"end":{"line":177,"column":54}},"loc":{"start":{"line":177,"column":62},"end":{"line":177,"column":83}},"line":177},"21":{"name":"(anonymous_21)","decl":{"start":{"line":182,"column":4},"end":{"line":182,"column":5}},"loc":{"start":{"line":182,"column":12},"end":{"line":248,"column":5}},"line":182},"22":{"name":"(anonymous_22)","decl":{"start":{"line":185,"column":78},"end":{"line":185,"column":79}},"loc":{"start":{"line":185,"column":84},"end":{"line":185,"column":101}},"line":185},"23":{"name":"(anonymous_23)","decl":{"start":{"line":209,"column":89},"end":{"line":209,"column":90}},"loc":{"start":{"line":209,"column":95},"end":{"line":209,"column":111}},"line":209},"24":{"name":"(anonymous_24)","decl":{"start":{"line":212,"column":90},"end":{"line":212,"column":91}},"loc":{"start":{"line":212,"column":96},"end":{"line":212,"column":113}},"line":212}},"branchMap":{"0":{"loc":{"start":{"line":9,"column":0},"end":{"line":9,"column":64}},"type":"if","locations":[{"start":{"line":9,"column":0},"end":{"line":9,"column":64}},{"start":{"line":9,"column":0},"end":{"line":9,"column":64}}],"line":9},"1":{"loc":{"start":{"line":47,"column":12},"end":{"line":55,"column":13}},"type":"if","locations":[{"start":{"line":47,"column":12},"end":{"line":55,"column":13}},{"start":{"line":47,"column":12},"end":{"line":55,"column":13}}],"line":47},"2":{"loc":{"start":{"line":47,"column":15},"end":{"line":47,"column":59}},"type":"binary-expr","locations":[{"start":{"line":47,"column":15},"end":{"line":47,"column":38}},{"start":{"line":47,"column":42},"end":{"line":47,"column":59}}],"line":47},"3":{"loc":{"start":{"line":49,"column":16},"end":{"line":54,"column":17}},"type":"if","locations":[{"start":{"line":49,"column":16},"end":{"line":54,"column":17}},{"start":{"line":49,"column":16},"end":{"line":54,"column":17}}],"line":49},"4":{"loc":{"start":{"line":81,"column":8},"end":{"line":86,"column":13}},"type":"if","locations":[{"start":{"line":81,"column":8},"end":{"line":86,"column":13}},{"start":{"line":81,"column":8},"end":{"line":86,"column":13}}],"line":81},"5":{"loc":{"start":{"line":108,"column":8},"end":{"line":114,"column":9}},"type":"if","locations":[{"start":{"line":108,"column":8},"end":{"line":114,"column":9}},{"start":{"line":108,"column":8},"end":{"line":114,"column":9}}],"line":108},"6":{"loc":{"start":{"line":138,"column":8},"end":{"line":140,"column":9}},"type":"if","locations":[{"start":{"line":138,"column":8},"end":{"line":140,"column":9}},{"start":{"line":138,"column":8},"end":{"line":140,"column":9}}],"line":138},"7":{"loc":{"start":{"line":167,"column":8},"end":{"line":171,"column":9}},"type":"if","locations":[{"start":{"line":167,"column":8},"end":{"line":171,"column":9}},{"start":{"line":167,"column":8},"end":{"line":171,"column":9}}],"line":167},"8":{"loc":{"start":{"line":175,"column":8},"end":{"line":179,"column":9}},"type":"if","locations":[{"start":{"line":175,"column":8},"end":{"line":179,"column":9}},{"start":{"line":175,"column":8},"end":{"line":179,"column":9}}],"line":175},"9":{"loc":{"start":{"line":185,"column":13},"end":{"line":185,"column":198}},"type":"binary-expr","locations":[{"start":{"line":185,"column":13},"end":{"line":185,"column":35}},{"start":{"line":185,"column":39},"end":{"line":185,"column":198}}],"line":185}},"s":{"0":1,"1":0,"2":6,"3":6,"4":6,"5":6,"6":6,"7":6,"8":6,"9":6,"10":6,"11":6,"12":6,"13":6,"14":6,"15":6,"16":6,"17":0,"18":0,"19":0,"20":0,"21":0,"22":0,"23":0,"24":0,"25":0,"26":0,"27":0,"28":0,"29":0,"30":0,"31":0,"32":0,"33":0,"34":0,"35":0,"36":0,"37":0,"38":0,"39":0,"40":0,"41":0,"42":1,"43":0,"44":1,"45":1,"46":2,"47":1,"48":0,"49":0,"50":1,"51":1,"52":1,"53":2,"54":1,"55":1,"56":1,"57":1,"58":2,"59":1,"60":14,"61":0,"62":0,"63":0},"f":{"0":6,"1":0,"2":0,"3":0,"4":0,"5":0,"6":0,"7":0,"8":0,"9":0,"10":0,"11":1,"12":1,"13":2,"14":1,"15":0,"16":0,"17":1,"18":2,"19":1,"20":2,"21":14,"22":0,"23":0,"24":0},"b":{"0":[0,1],"1":[0,0],"2":[0,0],"3":[0,0],"4":[0,0],"5":[0,0],"6":[0,1],"7":[1,0],"8":[1,0],"9":[14,1]},"_coverageSchema":"43e27e138ebf9cfc5966b082cf9a028302ed4184","hash":"342d668c17f3bb54dc9d0b9f2fe6e070ec551249"}
,"/Users/TinaLe/Documents/gallery/client/src/components/CenterImage.jsx": {"path":"/Users/TinaLe/Documents/gallery/client/src/components/CenterImage.jsx","statementMap":{"0":{"start":{"line":4,"column":20},"end":{"line":23,"column":1}},"1":{"start":{"line":7,"column":4},"end":{"line":13,"column":5}},"2":{"start":{"line":8,"column":8},"end":{"line":8,"column":42}},"3":{"start":{"line":9,"column":8},"end":{"line":9,"column":27}},"4":{"start":{"line":11,"column":8},"end":{"line":11,"column":37}},"5":{"start":{"line":12,"column":8},"end":{"line":12,"column":30}},"6":{"start":{"line":14,"column":4},"end":{"line":22,"column":5}},"7":{"start":{"line":15,"column":34},"end":{"line":15,"column":67}}},"fnMap":{"0":{"name":"(anonymous_0)","decl":{"start":{"line":4,"column":20},"end":{"line":4,"column":21}},"loc":{"start":{"line":4,"column":31},"end":{"line":23,"column":1}},"line":4},"1":{"name":"(anonymous_1)","decl":{"start":{"line":15,"column":29},"end":{"line":15,"column":30}},"loc":{"start":{"line":15,"column":34},"end":{"line":15,"column":67}},"line":15}},"branchMap":{"0":{"loc":{"start":{"line":7,"column":4},"end":{"line":13,"column":5}},"type":"if","locations":[{"start":{"line":7,"column":4},"end":{"line":13,"column":5}},{"start":{"line":7,"column":4},"end":{"line":13,"column":5}}],"line":7},"1":{"loc":{"start":{"line":18,"column":26},"end":{"line":18,"column":138}},"type":"cond-expr","locations":[{"start":{"line":18,"column":48},"end":{"line":18,"column":67}},{"start":{"line":18,"column":70},"end":{"line":18,"column":138}}],"line":18}},"s":{"0":2,"1":1,"2":0,"3":0,"4":1,"5":1,"6":1,"7":0},"f":{"0":1,"1":0},"b":{"0":[0,1],"1":[0,1]},"_coverageSchema":"43e27e138ebf9cfc5966b082cf9a028302ed4184","hash":"974adee97f36850a4cc561bc70c18329d81ebdb0"}
,"/Users/TinaLe/Documents/gallery/client/src/components/Image.jsx": {"path":"/Users/TinaLe/Documents/gallery/client/src/components/Image.jsx","statementMap":{"0":{"start":{"line":4,"column":14},"end":{"line":20,"column":1}},"1":{"start":{"line":5,"column":4},"end":{"line":19,"column":5}},"2":{"start":{"line":6,"column":30},"end":{"line":6,"column":63}},"3":{"start":{"line":8,"column":29},"end":{"line":8,"column":44}},"4":{"start":{"line":9,"column":28},"end":{"line":9,"column":46}}},"fnMap":{"0":{"name":"(anonymous_0)","decl":{"start":{"line":4,"column":14},"end":{"line":4,"column":15}},"loc":{"start":{"line":4,"column":25},"end":{"line":20,"column":1}},"line":4},"1":{"name":"(anonymous_1)","decl":{"start":{"line":6,"column":25},"end":{"line":6,"column":26}},"loc":{"start":{"line":6,"column":30},"end":{"line":6,"column":63}},"line":6},"2":{"name":"(anonymous_2)","decl":{"start":{"line":8,"column":25},"end":{"line":8,"column":26}},"loc":{"start":{"line":8,"column":29},"end":{"line":8,"column":44}},"line":8},"3":{"name":"(anonymous_3)","decl":{"start":{"line":9,"column":24},"end":{"line":9,"column":25}},"loc":{"start":{"line":9,"column":28},"end":{"line":9,"column":46}},"line":9}},"branchMap":{"0":{"loc":{"start":{"line":15,"column":22},"end":{"line":15,"column":134}},"type":"cond-expr","locations":[{"start":{"line":15,"column":44},"end":{"line":15,"column":63}},{"start":{"line":15,"column":66},"end":{"line":15,"column":134}}],"line":15}},"s":{"0":2,"1":2,"2":0,"3":0,"4":0},"f":{"0":2,"1":0,"2":0,"3":0},"b":{"0":[0,2]},"_coverageSchema":"43e27e138ebf9cfc5966b082cf9a028302ed4184","hash":"c3dc87701400c27e607b148b0e8872df4a08bbe9"}
,"/Users/TinaLe/Documents/gallery/client/src/components/ImageGallery.jsx": {"path":"/Users/TinaLe/Documents/gallery/client/src/components/ImageGallery.jsx","statementMap":{"0":{"start":{"line":7,"column":21},"end":{"line":20,"column":1}},"1":{"start":{"line":9,"column":4},"end":{"line":19,"column":10}},"2":{"start":{"line":9,"column":46},"end":{"line":9,"column":65}},"3":{"start":{"line":9,"column":83},"end":{"line":9,"column":105}},"4":{"start":{"line":11,"column":120},"end":{"line":11,"column":141}},"5":{"start":{"line":17,"column":122},"end":{"line":17,"column":144}}},"fnMap":{"0":{"name":"(anonymous_0)","decl":{"start":{"line":7,"column":21},"end":{"line":7,"column":22}},"loc":{"start":{"line":9,"column":4},"end":{"line":19,"column":10}},"line":9},"1":{"name":"(anonymous_1)","decl":{"start":{"line":9,"column":42},"end":{"line":9,"column":43}},"loc":{"start":{"line":9,"column":46},"end":{"line":9,"column":65}},"line":9},"2":{"name":"(anonymous_2)","decl":{"start":{"line":9,"column":79},"end":{"line":9,"column":80}},"loc":{"start":{"line":9,"column":83},"end":{"line":9,"column":105}},"line":9},"3":{"name":"(anonymous_3)","decl":{"start":{"line":11,"column":115},"end":{"line":11,"column":116}},"loc":{"start":{"line":11,"column":120},"end":{"line":11,"column":141}},"line":11},"4":{"name":"(anonymous_4)","decl":{"start":{"line":17,"column":117},"end":{"line":17,"column":118}},"loc":{"start":{"line":17,"column":122},"end":{"line":17,"column":144}},"line":17}},"branchMap":{"0":{"loc":{"start":{"line":11,"column":9},"end":{"line":11,"column":154}},"type":"binary-expr","locations":[{"start":{"line":11,"column":9},"end":{"line":11,"column":21}},{"start":{"line":11,"column":25},"end":{"line":11,"column":37}},{"start":{"line":11,"column":41},"end":{"line":11,"column":154}}],"line":11},"1":{"loc":{"start":{"line":12,"column":9},"end":{"line":12,"column":103}},"type":"binary-expr","locations":[{"start":{"line":12,"column":9},"end":{"line":12,"column":22}},{"start":{"line":12,"column":26},"end":{"line":12,"column":103}}],"line":12},"2":{"loc":{"start":{"line":17,"column":9},"end":{"line":17,"column":157}},"type":"binary-expr","locations":[{"start":{"line":17,"column":9},"end":{"line":17,"column":21}},{"start":{"line":17,"column":25},"end":{"line":17,"column":37}},{"start":{"line":17,"column":41},"end":{"line":17,"column":157}}],"line":17},"3":{"loc":{"start":{"line":18,"column":9},"end":{"line":18,"column":105}},"type":"binary-expr","locations":[{"start":{"line":18,"column":9},"end":{"line":18,"column":22}},{"start":{"line":18,"column":26},"end":{"line":18,"column":105}}],"line":18}},"s":{"0":2,"1":1,"2":0,"3":0,"4":0,"5":0},"f":{"0":1,"1":0,"2":0,"3":0,"4":0},"b":{"0":[1,1,1],"1":[1,0],"2":[1,1,1],"3":[1,0]},"_coverageSchema":"43e27e138ebf9cfc5966b082cf9a028302ed4184","hash":"6b352f6d779a8072c9c6cdc416c7df227f726e52"}
,"/Users/TinaLe/Documents/gallery/client/src/components/style/modalStyle.js": {"path":"/Users/TinaLe/Documents/gallery/client/src/components/style/modalStyle.js","statementMap":{"0":{"start":{"line":1,"column":21},"end":{"line":15,"column":3}}},"fnMap":{},"branchMap":{},"s":{"0":1},"f":{},"b":{},"_coverageSchema":"43e27e138ebf9cfc5966b082cf9a028302ed4184","hash":"808e1ecebdfed66f9b6bccc16b6bd78a24ec3005"}
,"/Users/TinaLe/Documents/gallery/client/src/data/sampleData.js": {"path":"/Users/TinaLe/Documents/gallery/client/src/data/sampleData.js","statementMap":{"0":{"start":{"line":1,"column":17},"end":{"line":28,"column":1}}},"fnMap":{},"branchMap":{},"s":{"0":1},"f":{},"b":{},"_coverageSchema":"43e27e138ebf9cfc5966b082cf9a028302ed4184","hash":"12f3eac6e91db3bab311da6a161ff8ffa9e4f1af"}
}
