TN:
SF:/Users/TinaLe/Documents/gallery/client/src/components/App.jsx
FN:12,(anonymous_0)
FN:40,(anonymous_1)
FN:45,(anonymous_2)
FN:46,(anonymous_3)
FN:78,(anonymous_4)
FN:105,(anonymous_5)
FN:117,(anonymous_6)
FN:121,(anonymous_7)
FN:123,(anonymous_8)
FN:124,(anonymous_9)
FN:127,(anonymous_10)
FN:137,(anonymous_11)
FN:146,(anonymous_12)
FN:150,(anonymous_13)
FN:154,(anonymous_14)
FN:158,(anonymous_15)
FN:162,(anonymous_16)
FN:166,(anonymous_17)
FN:169,(anonymous_18)
FN:174,(anonymous_19)
FN:177,(anonymous_20)
FN:182,(anonymous_21)
FN:185,(anonymous_22)
FN:209,(anonymous_23)
FN:212,(anonymous_24)
FNF:25
FNH:10
FNDA:6,(anonymous_0)
FNDA:0,(anonymous_1)
FNDA:0,(anonymous_2)
FNDA:0,(anonymous_3)
FNDA:0,(anonymous_4)
FNDA:0,(anonymous_5)
FNDA:0,(anonymous_6)
FNDA:0,(anonymous_7)
FNDA:0,(anonymous_8)
FNDA:0,(anonymous_9)
FNDA:0,(anonymous_10)
FNDA:1,(anonymous_11)
FNDA:1,(anonymous_12)
FNDA:2,(anonymous_13)
FNDA:1,(anonymous_14)
FNDA:0,(anonymous_15)
FNDA:0,(anonymous_16)
FNDA:1,(anonymous_17)
FNDA:2,(anonymous_18)
FNDA:1,(anonymous_19)
FNDA:2,(anonymous_20)
FNDA:14,(anonymous_21)
FNDA:0,(anonymous_22)
FNDA:0,(anonymous_23)
FNDA:0,(anonymous_24)
DA:9,1
DA:13,6
DA:14,6
DA:24,6
DA:25,6
DA:26,6
DA:28,6
DA:29,6
DA:30,6
DA:31,6
DA:32,6
DA:33,6
DA:34,6
DA:35,6
DA:36,6
DA:37,6
DA:41,0
DA:42,0
DA:46,0
DA:47,0
DA:48,0
DA:49,0
DA:50,0
DA:79,0
DA:80,0
DA:81,0
DA:82,0
DA:106,0
DA:107,0
DA:108,0
DA:109,0
DA:110,0
DA:118,0
DA:122,0
DA:123,0
DA:124,0
DA:128,0
DA:129,0
DA:130,0
DA:132,0
DA:138,1
DA:139,0
DA:141,1
DA:147,1
DA:151,2
DA:155,1
DA:159,0
DA:163,0
DA:167,1
DA:168,1
DA:169,2
DA:170,1
DA:175,1
DA:176,1
DA:177,2
DA:178,1
DA:183,14
DA:185,0
DA:209,0
DA:212,0
LF:60
LH:30
BRDA:9,0,0,0
BRDA:9,0,1,1
BRDA:47,1,0,0
BRDA:47,1,1,0
BRDA:47,2,0,0
BRDA:47,2,1,0
BRDA:49,3,0,0
BRDA:49,3,1,0
BRDA:81,4,0,0
BRDA:81,4,1,0
BRDA:108,5,0,0
BRDA:108,5,1,0
BRDA:138,6,0,0
BRDA:138,6,1,1
BRDA:167,7,0,1
BRDA:167,7,1,0
BRDA:175,8,0,1
BRDA:175,8,1,0
BRDA:185,9,0,14
BRDA:185,9,1,1
BRF:20
BRH:6
end_of_record
TN:
SF:/Users/TinaLe/Documents/gallery/client/src/components/CenterImage.jsx
FN:4,(anonymous_0)
FN:15,(anonymous_1)
FNF:2
FNH:1
FNDA:1,(anonymous_0)
FNDA:0,(anonymous_1)
DA:4,2
DA:7,1
DA:8,0
DA:9,0
DA:11,1
DA:12,1
DA:14,1
DA:15,0
LF:8
LH:5
BRDA:7,0,0,0
BRDA:7,0,1,1
BRDA:18,1,0,0
BRDA:18,1,1,1
BRF:4
BRH:2
end_of_record
TN:
SF:/Users/TinaLe/Documents/gallery/client/src/components/Image.jsx
FN:4,(anonymous_0)
FN:6,(anonymous_1)
FN:8,(anonymous_2)
FN:9,(anonymous_3)
FNF:4
FNH:1
FNDA:2,(anonymous_0)
FNDA:0,(anonymous_1)
FNDA:0,(anonymous_2)
FNDA:0,(anonymous_3)
DA:4,2
DA:5,2
DA:6,0
DA:8,0
DA:9,0
LF:5
LH:2
BRDA:15,0,0,0
BRDA:15,0,1,2
BRF:2
BRH:1
end_of_record
TN:
SF:/Users/TinaLe/Documents/gallery/client/src/components/ImageGallery.jsx
FN:7,(anonymous_0)
FN:9,(anonymous_1)
FN:9,(anonymous_2)
FN:11,(anonymous_3)
FN:17,(anonymous_4)
FNF:5
FNH:1
FNDA:1,(anonymous_0)
FNDA:0,(anonymous_1)
FNDA:0,(anonymous_2)
FNDA:0,(anonymous_3)
FNDA:0,(anonymous_4)
DA:7,2
DA:9,1
DA:11,0
DA:17,0
LF:4
LH:2
BRDA:11,0,0,1
BRDA:11,0,1,1
BRDA:11,0,2,1
BRDA:12,1,0,1
BRDA:12,1,1,0
BRDA:17,2,0,1
BRDA:17,2,1,1
BRDA:17,2,2,1
BRDA:18,3,0,1
BRDA:18,3,1,0
BRF:10
BRH:8
end_of_record
TN:
SF:/Users/TinaLe/Documents/gallery/client/src/components/style/modalStyle.js
FNF:0
FNH:0
DA:1,1
LF:1
LH:1
BRF:0
BRH:0
end_of_record
TN:
SF:/Users/TinaLe/Documents/gallery/client/src/data/sampleData.js
FNF:0
FNH:0
DA:1,1
LF:1
LH:1
BRF:0
BRH:0
end_of_record
